Started GET "/" for 127.0.0.1 at 2017-10-01 19:49:39 -0300
  
ActiveRecord::NoDatabaseError (FATAL:  database "Teafy_development" does not exist
):
  
activerecord (5.0.6) lib/active_record/connection_adapters/postgresql_adapter.rb:675:in `rescue in connect'
activerecord (5.0.6) lib/active_record/connection_adapters/postgresql_adapter.rb:671:in `connect'
activerecord (5.0.6) lib/active_record/connection_adapters/postgresql_adapter.rb:217:in `initialize'
activerecord (5.0.6) lib/active_record/connection_adapters/postgresql_adapter.rb:37:in `new'
activerecord (5.0.6) lib/active_record/connection_adapters/postgresql_adapter.rb:37:in `postgresql_connection'
activerecord (5.0.6) lib/active_record/connection_adapters/abstract/connection_pool.rb:729:in `new_connection'
activerecord (5.0.6) lib/active_record/connection_adapters/abstract/connection_pool.rb:773:in `checkout_new_connection'
activerecord (5.0.6) lib/active_record/connection_adapters/abstract/connection_pool.rb:752:in `try_to_checkout_new_connection'
activerecord (5.0.6) lib/active_record/connection_adapters/abstract/connection_pool.rb:713:in `acquire_connection'
activerecord (5.0.6) lib/active_record/connection_adapters/abstract/connection_pool.rb:490:in `checkout'
activerecord (5.0.6) lib/active_record/connection_adapters/abstract/connection_pool.rb:364:in `connection'
activerecord (5.0.6) lib/active_record/connection_adapters/abstract/connection_pool.rb:883:in `retrieve_connection'
activerecord (5.0.6) lib/active_record/connection_handling.rb:128:in `retrieve_connection'
activerecord (5.0.6) lib/active_record/connection_handling.rb:91:in `connection'
activerecord (5.0.6) lib/active_record/migration.rb:559:in `connection'
activerecord (5.0.6) lib/active_record/migration.rb:546:in `call'
actionpack (5.0.6) lib/action_dispatch/middleware/callbacks.rb:38:in `block in call'
activesupport (5.0.6) lib/active_support/callbacks.rb:97:in `__run_callbacks__'
activesupport (5.0.6) lib/active_support/callbacks.rb:750:in `_run_call_callbacks'
activesupport (5.0.6) lib/active_support/callbacks.rb:90:in `run_callbacks'
actionpack (5.0.6) lib/action_dispatch/middleware/callbacks.rb:36:in `call'
actionpack (5.0.6) lib/action_dispatch/middleware/executor.rb:12:in `call'
actionpack (5.0.6) lib/action_dispatch/middleware/remote_ip.rb:79:in `call'
actionpack (5.0.6) lib/action_dispatch/middleware/debug_exceptions.rb:49:in `call'
web-console (3.5.1) lib/web_console/middleware.rb:135:in `call_app'
web-console (3.5.1) lib/web_console/middleware.rb:28:in `block in call'
web-console (3.5.1) lib/web_console/middleware.rb:18:in `catch'
web-console (3.5.1) lib/web_console/middleware.rb:18:in `call'
actionpack (5.0.6) lib/action_dispatch/middleware/show_exceptions.rb:31:in `call'
railties (5.0.6) lib/rails/rack/logger.rb:36:in `call_app'
railties (5.0.6) lib/rails/rack/logger.rb:24:in `block in call'
activesupport (5.0.6) lib/active_support/tagged_logging.rb:69:in `block in tagged'
activesupport (5.0.6) lib/active_support/tagged_logging.rb:26:in `tagged'
activesupport (5.0.6) lib/active_support/tagged_logging.rb:69:in `tagged'
railties (5.0.6) lib/rails/rack/logger.rb:24:in `call'
sprockets-rails (3.2.1) lib/sprockets/rails/quiet_assets.rb:13:in `call'
actionpack (5.0.6) lib/action_dispatch/middleware/request_id.rb:24:in `call'
rack (2.0.3) lib/rack/method_override.rb:22:in `call'
rack (2.0.3) lib/rack/runtime.rb:22:in `call'
activesupport (5.0.6) lib/active_support/cache/strategy/local_cache_middleware.rb:28:in `call'
actionpack (5.0.6) lib/action_dispatch/middleware/executor.rb:12:in `call'
actionpack (5.0.6) lib/action_dispatch/middleware/static.rb:136:in `call'
rack (2.0.3) lib/rack/sendfile.rb:111:in `call'
railties (5.0.6) lib/rails/engine.rb:522:in `call'
puma (3.10.0) lib/puma/configuration.rb:225:in `call'
puma (3.10.0) lib/puma/server.rb:605:in `handle_request'
puma (3.10.0) lib/puma/server.rb:437:in `process_client'
puma (3.10.0) lib/puma/server.rb:301:in `block in run'
puma (3.10.0) lib/puma/thread_pool.rb:120:in `block in spawn_thread'
  Rendering /Users/Vicho/.rbenv/versions/2.4.0/lib/ruby/gems/2.4.0/gems/actionpack-5.0.6/lib/action_dispatch/middleware/templates/rescues/diagnostics.html.erb within rescues/layout
  Rendering /Users/Vicho/.rbenv/versions/2.4.0/lib/ruby/gems/2.4.0/gems/actionpack-5.0.6/lib/action_dispatch/middleware/templates/rescues/_source.html.erb
  Rendered /Users/Vicho/.rbenv/versions/2.4.0/lib/ruby/gems/2.4.0/gems/actionpack-5.0.6/lib/action_dispatch/middleware/templates/rescues/_source.html.erb (4.0ms)
  Rendering /Users/Vicho/.rbenv/versions/2.4.0/lib/ruby/gems/2.4.0/gems/actionpack-5.0.6/lib/action_dispatch/middleware/templates/rescues/_trace.html.erb
  Rendered /Users/Vicho/.rbenv/versions/2.4.0/lib/ruby/gems/2.4.0/gems/actionpack-5.0.6/lib/action_dispatch/middleware/templates/rescues/_trace.html.erb (1.7ms)
  Rendering /Users/Vicho/.rbenv/versions/2.4.0/lib/ruby/gems/2.4.0/gems/actionpack-5.0.6/lib/action_dispatch/middleware/templates/rescues/_request_and_response.html.erb
  Rendered /Users/Vicho/.rbenv/versions/2.4.0/lib/ruby/gems/2.4.0/gems/actionpack-5.0.6/lib/action_dispatch/middleware/templates/rescues/_request_and_response.html.erb (0.8ms)
  Rendered /Users/Vicho/.rbenv/versions/2.4.0/lib/ruby/gems/2.4.0/gems/actionpack-5.0.6/lib/action_dispatch/middleware/templates/rescues/diagnostics.html.erb within rescues/layout (199.3ms)
Started GET "/" for 127.0.0.1 at 2017-10-01 22:55:31 -0300
  
ActiveRecord::NoDatabaseError (FATAL:  database "Teafy_development" does not exist
):
  
activerecord (5.0.6) lib/active_record/connection_adapters/postgresql_adapter.rb:675:in `rescue in connect'
activerecord (5.0.6) lib/active_record/connection_adapters/postgresql_adapter.rb:671:in `connect'
activerecord (5.0.6) lib/active_record/connection_adapters/postgresql_adapter.rb:217:in `initialize'
activerecord (5.0.6) lib/active_record/connection_adapters/postgresql_adapter.rb:37:in `new'
activerecord (5.0.6) lib/active_record/connection_adapters/postgresql_adapter.rb:37:in `postgresql_connection'
activerecord (5.0.6) lib/active_record/connection_adapters/abstract/connection_pool.rb:729:in `new_connection'
activerecord (5.0.6) lib/active_record/connection_adapters/abstract/connection_pool.rb:773:in `checkout_new_connection'
activerecord (5.0.6) lib/active_record/connection_adapters/abstract/connection_pool.rb:752:in `try_to_checkout_new_connection'
activerecord (5.0.6) lib/active_record/connection_adapters/abstract/connection_pool.rb:713:in `acquire_connection'
activerecord (5.0.6) lib/active_record/connection_adapters/abstract/connection_pool.rb:490:in `checkout'
activerecord (5.0.6) lib/active_record/connection_adapters/abstract/connection_pool.rb:364:in `connection'
activerecord (5.0.6) lib/active_record/connection_adapters/abstract/connection_pool.rb:883:in `retrieve_connection'
activerecord (5.0.6) lib/active_record/connection_handling.rb:128:in `retrieve_connection'
activerecord (5.0.6) lib/active_record/connection_handling.rb:91:in `connection'
activerecord (5.0.6) lib/active_record/migration.rb:559:in `connection'
activerecord (5.0.6) lib/active_record/migration.rb:546:in `call'
actionpack (5.0.6) lib/action_dispatch/middleware/callbacks.rb:38:in `block in call'
activesupport (5.0.6) lib/active_support/callbacks.rb:97:in `__run_callbacks__'
activesupport (5.0.6) lib/active_support/callbacks.rb:750:in `_run_call_callbacks'
activesupport (5.0.6) lib/active_support/callbacks.rb:90:in `run_callbacks'
actionpack (5.0.6) lib/action_dispatch/middleware/callbacks.rb:36:in `call'
actionpack (5.0.6) lib/action_dispatch/middleware/executor.rb:12:in `call'
actionpack (5.0.6) lib/action_dispatch/middleware/remote_ip.rb:79:in `call'
actionpack (5.0.6) lib/action_dispatch/middleware/debug_exceptions.rb:49:in `call'
web-console (3.5.1) lib/web_console/middleware.rb:135:in `call_app'
web-console (3.5.1) lib/web_console/middleware.rb:28:in `block in call'
web-console (3.5.1) lib/web_console/middleware.rb:18:in `catch'
web-console (3.5.1) lib/web_console/middleware.rb:18:in `call'
actionpack (5.0.6) lib/action_dispatch/middleware/show_exceptions.rb:31:in `call'
railties (5.0.6) lib/rails/rack/logger.rb:36:in `call_app'
railties (5.0.6) lib/rails/rack/logger.rb:24:in `block in call'
activesupport (5.0.6) lib/active_support/tagged_logging.rb:69:in `block in tagged'
activesupport (5.0.6) lib/active_support/tagged_logging.rb:26:in `tagged'
activesupport (5.0.6) lib/active_support/tagged_logging.rb:69:in `tagged'
railties (5.0.6) lib/rails/rack/logger.rb:24:in `call'
sprockets-rails (3.2.1) lib/sprockets/rails/quiet_assets.rb:13:in `call'
actionpack (5.0.6) lib/action_dispatch/middleware/request_id.rb:24:in `call'
rack (2.0.3) lib/rack/method_override.rb:22:in `call'
rack (2.0.3) lib/rack/runtime.rb:22:in `call'
activesupport (5.0.6) lib/active_support/cache/strategy/local_cache_middleware.rb:28:in `call'
actionpack (5.0.6) lib/action_dispatch/middleware/executor.rb:12:in `call'
actionpack (5.0.6) lib/action_dispatch/middleware/static.rb:136:in `call'
rack (2.0.3) lib/rack/sendfile.rb:111:in `call'
railties (5.0.6) lib/rails/engine.rb:522:in `call'
puma (3.10.0) lib/puma/configuration.rb:225:in `call'
puma (3.10.0) lib/puma/server.rb:605:in `handle_request'
puma (3.10.0) lib/puma/server.rb:437:in `process_client'
puma (3.10.0) lib/puma/server.rb:301:in `block in run'
puma (3.10.0) lib/puma/thread_pool.rb:120:in `block in spawn_thread'
  Rendering /Users/Vicho/.rbenv/versions/2.4.0/lib/ruby/gems/2.4.0/gems/actionpack-5.0.6/lib/action_dispatch/middleware/templates/rescues/diagnostics.html.erb within rescues/layout
  Rendering /Users/Vicho/.rbenv/versions/2.4.0/lib/ruby/gems/2.4.0/gems/actionpack-5.0.6/lib/action_dispatch/middleware/templates/rescues/_source.html.erb
  Rendered /Users/Vicho/.rbenv/versions/2.4.0/lib/ruby/gems/2.4.0/gems/actionpack-5.0.6/lib/action_dispatch/middleware/templates/rescues/_source.html.erb (5.1ms)
  Rendering /Users/Vicho/.rbenv/versions/2.4.0/lib/ruby/gems/2.4.0/gems/actionpack-5.0.6/lib/action_dispatch/middleware/templates/rescues/_trace.html.erb
  Rendered /Users/Vicho/.rbenv/versions/2.4.0/lib/ruby/gems/2.4.0/gems/actionpack-5.0.6/lib/action_dispatch/middleware/templates/rescues/_trace.html.erb (3.3ms)
  Rendering /Users/Vicho/.rbenv/versions/2.4.0/lib/ruby/gems/2.4.0/gems/actionpack-5.0.6/lib/action_dispatch/middleware/templates/rescues/_request_and_response.html.erb
  Rendered /Users/Vicho/.rbenv/versions/2.4.0/lib/ruby/gems/2.4.0/gems/actionpack-5.0.6/lib/action_dispatch/middleware/templates/rescues/_request_and_response.html.erb (1.4ms)
  Rendered /Users/Vicho/.rbenv/versions/2.4.0/lib/ruby/gems/2.4.0/gems/actionpack-5.0.6/lib/action_dispatch/middleware/templates/rescues/diagnostics.html.erb within rescues/layout (191.9ms)
  [1m[35m (269.7ms)[0m  [1m[35mCREATE TABLE "schema_migrations" ("version" character varying PRIMARY KEY)[0m
  [1m[35m (32.2ms)[0m  [1m[35mCREATE TABLE "ar_internal_metadata" ("key" character varying PRIMARY KEY, "value" character varying, "created_at" timestamp NOT NULL, "updated_at" timestamp NOT NULL)[0m
  [1m[35m (17.1ms)[0m  [1m[34mSELECT pg_try_advisory_lock(7886812963137803205);[0m
  [1m[36mActiveRecord::SchemaMigration Load (0.6ms)[0m  [1m[34mSELECT "schema_migrations".* FROM "schema_migrations"[0m
Migrating to CreateHomes (20171001223250)
  [1m[35m (0.2ms)[0m  [1m[35mBEGIN[0m
  [1m[35m (87.4ms)[0m  [1m[35mCREATE TABLE "homes" ("id" serial primary key, "created_at" timestamp NOT NULL, "updated_at" timestamp NOT NULL)[0m
  [1m[35mSQL (0.6ms)[0m  [1m[32mINSERT INTO "schema_migrations" ("version") VALUES ($1) RETURNING "version"[0m  [["version", "20171001223250"]]
  [1m[35m (0.7ms)[0m  [1m[35mCOMMIT[0m
  [1m[36mActiveRecord::InternalMetadata Load (6.6ms)[0m  [1m[34mSELECT  "ar_internal_metadata".* FROM "ar_internal_metadata" WHERE "ar_internal_metadata"."key" = $1 LIMIT $2[0m  [["key", "environment"], ["LIMIT", 1]]
  [1m[35m (0.1ms)[0m  [1m[35mBEGIN[0m
  [1m[35mSQL (0.6ms)[0m  [1m[32mINSERT INTO "ar_internal_metadata" ("key", "value", "created_at", "updated_at") VALUES ($1, $2, $3, $4) RETURNING "key"[0m  [["key", "environment"], ["value", "development"], ["created_at", "2017-10-02 02:16:12.418726"], ["updated_at", "2017-10-02 02:16:12.418726"]]
  [1m[35m (0.5ms)[0m  [1m[35mCOMMIT[0m
  [1m[35m (0.3ms)[0m  [1m[34mSELECT pg_advisory_unlock(7886812963137803205)[0m
  [1m[36mActiveRecord::SchemaMigration Load (0.4ms)[0m  [1m[34mSELECT "schema_migrations".* FROM "schema_migrations"[0m
Started GET "/" for 127.0.0.1 at 2017-10-01 23:16:32 -0300
  [1m[36mActiveRecord::SchemaMigration Load (24.8ms)[0m  [1m[34mSELECT "schema_migrations".* FROM "schema_migrations"[0m
  
ActionController::RoutingError (uninitialized constant HomeController):
  
activesupport (5.0.6) lib/active_support/inflector/methods.rb:268:in `const_get'
activesupport (5.0.6) lib/active_support/inflector/methods.rb:268:in `block in constantize'
activesupport (5.0.6) lib/active_support/inflector/methods.rb:266:in `each'
activesupport (5.0.6) lib/active_support/inflector/methods.rb:266:in `inject'
activesupport (5.0.6) lib/active_support/inflector/methods.rb:266:in `constantize'
actionpack (5.0.6) lib/action_dispatch/http/request.rb:81:in `controller_class'
actionpack (5.0.6) lib/action_dispatch/routing/route_set.rb:44:in `controller'
actionpack (5.0.6) lib/action_dispatch/routing/route_set.rb:30:in `serve'
actionpack (5.0.6) lib/action_dispatch/journey/router.rb:39:in `block in serve'
actionpack (5.0.6) lib/action_dispatch/journey/router.rb:26:in `each'
actionpack (5.0.6) lib/action_dispatch/journey/router.rb:26:in `serve'
actionpack (5.0.6) lib/action_dispatch/routing/route_set.rb:727:in `call'
warden (1.2.7) lib/warden/manager.rb:36:in `block in call'
warden (1.2.7) lib/warden/manager.rb:35:in `catch'
warden (1.2.7) lib/warden/manager.rb:35:in `call'
rack (2.0.3) lib/rack/etag.rb:25:in `call'
rack (2.0.3) lib/rack/conditional_get.rb:25:in `call'
rack (2.0.3) lib/rack/head.rb:12:in `call'
rack (2.0.3) lib/rack/session/abstract/id.rb:232:in `context'
rack (2.0.3) lib/rack/session/abstract/id.rb:226:in `call'
actionpack (5.0.6) lib/action_dispatch/middleware/cookies.rb:613:in `call'
activerecord (5.0.6) lib/active_record/migration.rb:553:in `call'
actionpack (5.0.6) lib/action_dispatch/middleware/callbacks.rb:38:in `block in call'
activesupport (5.0.6) lib/active_support/callbacks.rb:97:in `__run_callbacks__'
activesupport (5.0.6) lib/active_support/callbacks.rb:750:in `_run_call_callbacks'
activesupport (5.0.6) lib/active_support/callbacks.rb:90:in `run_callbacks'
actionpack (5.0.6) lib/action_dispatch/middleware/callbacks.rb:36:in `call'
actionpack (5.0.6) lib/action_dispatch/middleware/executor.rb:12:in `call'
actionpack (5.0.6) lib/action_dispatch/middleware/remote_ip.rb:79:in `call'
actionpack (5.0.6) lib/action_dispatch/middleware/debug_exceptions.rb:49:in `call'
web-console (3.5.1) lib/web_console/middleware.rb:135:in `call_app'
web-console (3.5.1) lib/web_console/middleware.rb:28:in `block in call'
web-console (3.5.1) lib/web_console/middleware.rb:18:in `catch'
web-console (3.5.1) lib/web_console/middleware.rb:18:in `call'
actionpack (5.0.6) lib/action_dispatch/middleware/show_exceptions.rb:31:in `call'
railties (5.0.6) lib/rails/rack/logger.rb:36:in `call_app'
railties (5.0.6) lib/rails/rack/logger.rb:24:in `block in call'
activesupport (5.0.6) lib/active_support/tagged_logging.rb:69:in `block in tagged'
activesupport (5.0.6) lib/active_support/tagged_logging.rb:26:in `tagged'
activesupport (5.0.6) lib/active_support/tagged_logging.rb:69:in `tagged'
railties (5.0.6) lib/rails/rack/logger.rb:24:in `call'
sprockets-rails (3.2.1) lib/sprockets/rails/quiet_assets.rb:13:in `call'
actionpack (5.0.6) lib/action_dispatch/middleware/request_id.rb:24:in `call'
rack (2.0.3) lib/rack/method_override.rb:22:in `call'
rack (2.0.3) lib/rack/runtime.rb:22:in `call'
activesupport (5.0.6) lib/active_support/cache/strategy/local_cache_middleware.rb:28:in `call'
actionpack (5.0.6) lib/action_dispatch/middleware/executor.rb:12:in `call'
actionpack (5.0.6) lib/action_dispatch/middleware/static.rb:136:in `call'
rack (2.0.3) lib/rack/sendfile.rb:111:in `call'
railties (5.0.6) lib/rails/engine.rb:522:in `call'
puma (3.10.0) lib/puma/configuration.rb:225:in `call'
puma (3.10.0) lib/puma/server.rb:605:in `handle_request'
puma (3.10.0) lib/puma/server.rb:437:in `process_client'
puma (3.10.0) lib/puma/server.rb:301:in `block in run'
puma (3.10.0) lib/puma/thread_pool.rb:120:in `block in spawn_thread'
  Rendering /Users/Vicho/.rbenv/versions/2.4.0/lib/ruby/gems/2.4.0/gems/actionpack-5.0.6/lib/action_dispatch/middleware/templates/rescues/routing_error.html.erb within rescues/layout
  Rendering /Users/Vicho/.rbenv/versions/2.4.0/lib/ruby/gems/2.4.0/gems/actionpack-5.0.6/lib/action_dispatch/middleware/templates/rescues/_trace.html.erb
  Rendered /Users/Vicho/.rbenv/versions/2.4.0/lib/ruby/gems/2.4.0/gems/actionpack-5.0.6/lib/action_dispatch/middleware/templates/rescues/_trace.html.erb (2.1ms)
  Rendered collection of /Users/Vicho/.rbenv/versions/2.4.0/lib/ruby/gems/2.4.0/gems/actionpack-5.0.6/lib/action_dispatch/middleware/templates/routes/_route.html.erb [9 times] (5.2ms)
  Rendered /Users/Vicho/.rbenv/versions/2.4.0/lib/ruby/gems/2.4.0/gems/actionpack-5.0.6/lib/action_dispatch/middleware/templates/routes/_table.html.erb (99.5ms)
  Rendering /Users/Vicho/.rbenv/versions/2.4.0/lib/ruby/gems/2.4.0/gems/actionpack-5.0.6/lib/action_dispatch/middleware/templates/rescues/_request_and_response.html.erb
  Rendered /Users/Vicho/.rbenv/versions/2.4.0/lib/ruby/gems/2.4.0/gems/actionpack-5.0.6/lib/action_dispatch/middleware/templates/rescues/_request_and_response.html.erb (74.6ms)
  Rendered /Users/Vicho/.rbenv/versions/2.4.0/lib/ruby/gems/2.4.0/gems/actionpack-5.0.6/lib/action_dispatch/middleware/templates/rescues/routing_error.html.erb within rescues/layout (351.4ms)
Started GET "/" for 127.0.0.1 at 2017-10-01 23:17:39 -0300
Processing by HomesController#index as HTML
  Rendering homes/index.html.erb within layouts/application
  [1m[36mHome Load (23.0ms)[0m  [1m[34mSELECT "homes".* FROM "homes"[0m
  Rendered homes/index.html.erb within layouts/application (28.3ms)
Completed 200 OK in 2415ms (Views: 2375.5ms | ActiveRecord: 25.3ms)


  [1m[35m (0.3ms)[0m  [1m[34mSELECT pg_try_advisory_lock(7886812963137803205);[0m
  [1m[36mActiveRecord::SchemaMigration Load (0.7ms)[0m  [1m[34mSELECT "schema_migrations".* FROM "schema_migrations"[0m
Migrating to CreateArtists (20171002030113)
  [1m[35m (0.2ms)[0m  [1m[35mBEGIN[0m
  [1m[35m (0.2ms)[0m  [1m[31mROLLBACK[0m
  [1m[35m (0.3ms)[0m  [1m[34mSELECT pg_advisory_unlock(7886812963137803205)[0m
